<?xml version="1.0" encoding="UTF-8"?>
<!-- Generated by org.testng.reporters.JUnitReportReporter -->
<testsuite hostname="LAPTOP-NUS113PD" failures="0" tests="3" name="TestNG_Batch_Execution.Sample_2" time="0.005" errors="0" timestamp="2022-08-18T23:12:09 IST" skipped="0">
  <testcase classname="TestNG_Batch_Execution.Sample_2" name="TC5" time="0.001"/>
  <system-out>
    <![CDATA[running tc5]]>
  </system-out>
  <testcase classname="TestNG_Batch_Execution.Sample_2" name="TC4" time="0.002"/>
  <system-out>
    <![CDATA[running tc4]]>
  </system-out>
  <testcase classname="TestNG_Batch_Execution.Sample_2" name="TC6" time="0.002"/>
  <system-out>
    <![CDATA[running tc6]]>
  </system-out>
</testsuite> <!-- TestNG_Batch_Execution.Sample_2 -->
