<?xml version="1.0" encoding="UTF-8"?>
<!-- Generated by org.testng.reporters.JUnitReportReporter -->
<testsuite hostname="LAPTOP-NUS113PD" failures="0" tests="5" name="TestNG_Advantages.invocationCount" time="0.016" errors="0" timestamp="2022-08-26T09:38:41 IST" skipped="0">
  <testcase classname="TestNG_Advantages.invocationCount" name="TC" time="0.002"/>
  <system-out>
    <![CDATA[running tc]]>
  </system-out>
  <testcase classname="TestNG_Advantages.invocationCount" name="TC" time="0.001"/>
  <system-out>
    <![CDATA[running tc]]>
  </system-out>
  <testcase classname="TestNG_Advantages.invocationCount" name="TC" time="0.001"/>
  <system-out>
    <![CDATA[running tc]]>
  </system-out>
  <testcase classname="TestNG_Advantages.invocationCount" name="TC" time="0.002"/>
  <system-out>
    <![CDATA[running tc]]>
  </system-out>
  <testcase classname="TestNG_Advantages.invocationCount" name="TC" time="0.010"/>
  <system-out>
    <![CDATA[running tc]]>
  </system-out>
</testsuite> <!-- TestNG_Advantages.invocationCount -->
