<?xml version="1.0" encoding="UTF-8"?>
<!-- Generated by org.testng.reporters.JUnitReportReporter -->
<testsuite hostname="LAPTOP-NUS113PD" failures="0" tests="1" name="TestNG_Assert.assertEquals" time="0.022" errors="0" timestamp="2022-08-22T23:00:56 IST" skipped="0">
  <testcase classname="TestNG_Assert.assertEquals" name="TC1" time="0.022"/>
  <system-out>
    <![CDATA[TC1 is running]]>
  </system-out>
</testsuite> <!-- TestNG_Assert.assertEquals -->
