<?xml version="1.0" encoding="UTF-8"?>
<!-- Generated by org.testng.reporters.JUnitReportReporter -->
<testsuite hostname="LAPTOP-NUS113PD" failures="0" tests="1" name="TestNG_Parallel_Testing.A" time="6.088" errors="0" timestamp="2022-08-26T16:31:46 IST" skipped="0">
  <testcase classname="TestNG_Parallel_Testing.A" name="TC1" time="6.088"/>
  <system-out/>
</testsuite> <!-- TestNG_Parallel_Testing.A -->
