<?xml version="1.0" encoding="UTF-8"?>
<!-- Generated by org.testng.reporters.JUnitReportReporter -->
<testsuite hostname="LAPTOP-NUS113PD" failures="0" tests="3" name="TestNG_Batch_Execution.Sample_3" time="0.011" errors="0" timestamp="2022-08-18T23:12:09 IST" skipped="0">
  <testcase classname="TestNG_Batch_Execution.Sample_3" name="TC8" time="0.001"/>
  <system-out>
    <![CDATA[running tc8]]>
  </system-out>
  <testcase classname="TestNG_Batch_Execution.Sample_3" name="TC7" time="0.009"/>
  <system-out>
    <![CDATA[running tc7]]>
  </system-out>
  <testcase classname="TestNG_Batch_Execution.Sample_3" name="TC9" time="0.001"/>
  <system-out>
    <![CDATA[running tc9]]>
  </system-out>
</testsuite> <!-- TestNG_Batch_Execution.Sample_3 -->
