<?xml version="1.0" encoding="UTF-8"?>
<!-- Generated by org.testng.reporters.JUnitReportReporter -->
<testsuite hostname="LAPTOP-NUS113PD" failures="0" tests="2" name="TestNG_Advantages.Disable_TC_using_Suite" time="0.014" errors="0" timestamp="2022-08-26T09:33:00 IST" skipped="0">
  <testcase classname="TestNG_Advantages.Disable_TC_using_Suite" name="TC1" time="0.011"/>
  <system-out>
    <![CDATA[running tc1]]>
  </system-out>
  <testcase classname="TestNG_Advantages.Disable_TC_using_Suite" name="TC3" time="0.003"/>
  <system-out>
    <![CDATA[running tc3]]>
  </system-out>
</testsuite> <!-- TestNG_Advantages.Disable_TC_using_Suite -->
