<?xml version="1.0" encoding="UTF-8"?>
<!-- Generated by org.testng.reporters.JUnitReportReporter -->
<testsuite hostname="LAPTOP-NUS113PD" failures="0" tests="1" name="TestNG_Advantages.Annotations" time="0.031" errors="0" timestamp="2022-08-26T09:20:31 IST" skipped="0">
  <testcase classname="TestNG_Advantages.Annotations" name="verifyID" time="0.031"/>
  <system-out>
    <![CDATA[verify user id]]>
  </system-out>
</testsuite> <!-- TestNG_Advantages.Annotations -->
