<?xml version="1.0" encoding="UTF-8"?>
<!-- Generated by org.testng.reporters.JUnitReportReporter -->
<testsuite hostname="LAPTOP-NUS113PD" failures="0" tests="3" name="TestNG_Advantages.Failed_TC" time="0.013" errors="0" timestamp="2022-08-26T09:36:30 IST" skipped="1">
  <testcase classname="TestNG_Advantages.Failed_TC" name="TC3" time="0.002"/>
  <system-out>
    <![CDATA[running tc3]]>
  </system-out>
  <testcase classname="TestNG_Advantages.Failed_TC" name="TC1" time="0.011"/>
  <system-out>
    <![CDATA[running tc1]]>
  </system-out>
  <testcase classname="TestNG_Advantages.Failed_TC" name="TC2">
    <skipped/>
  </testcase> <!-- TC2 -->
  <system-out/>
</testsuite> <!-- TestNG_Advantages.Failed_TC -->
