<?xml version="1.0" encoding="UTF-8"?>
<!-- Generated by org.testng.reporters.JUnitReportReporter -->
<testsuite hostname="LAPTOP-NUS113PD" failures="0" tests="1" name="TestNG_Advantages.Emailable" time="0.008" errors="0" timestamp="2022-08-17T23:07:07 IST" skipped="0">
  <testcase classname="TestNG_Advantages.Emailable" name="TC" time="0.008"/>
  <system-out>
    <![CDATA[HII]]>
  </system-out>
</testsuite> <!-- TestNG_Advantages.Emailable -->
