<?xml version="1.0" encoding="UTF-8"?>
<!-- Generated by org.testng.reporters.JUnitReportReporter -->
<testsuite hostname="LAPTOP-NUS113PD" failures="0" tests="1" name="TestNG_Parallel_Testing.B" time="5.333" errors="0" timestamp="2022-08-26T16:31:46 IST" skipped="0">
  <testcase classname="TestNG_Parallel_Testing.B" name="TC1" time="5.333"/>
  <system-out/>
</testsuite> <!-- TestNG_Parallel_Testing.B -->
