<?xml version="1.0" encoding="UTF-8"?>
<!-- Generated by org.testng.reporters.JUnitReportReporter -->
<testsuite hostname="LAPTOP-NUS113PD" failures="0" tests="1" name="POM_with_DDF_using_TestNG.KiteTestT" time="4.064" errors="0" timestamp="2022-08-24T16:24:13 IST" skipped="0">
  <testcase classname="POM_with_DDF_using_TestNG.KiteTestT" name="verifyuserID" time="4.064"/>
  <system-out>
    <![CDATA[running verify user id]]>
  </system-out>
</testsuite> <!-- POM_with_DDF_using_TestNG.KiteTestT -->
