<?xml version="1.0" encoding="UTF-8"?>
<!-- Generated by org.testng.reporters.JUnitReportReporter -->
<testsuite hostname="LAPTOP-NUS113PD" failures="0" tests="3" name="TestNG_Advantages.Disable_TC_using_keyword" time="0.012" errors="0" timestamp="2022-08-26T09:21:47 IST" skipped="1">
  <testcase classname="TestNG_Advantages.Disable_TC_using_keyword" name="TC3" time="0.004"/>
  <system-out>
    <![CDATA[running tc3]]>
  </system-out>
  <testcase classname="TestNG_Advantages.Disable_TC_using_keyword" name="TC1" time="0.008"/>
  <system-out>
    <![CDATA[running tc1]]>
  </system-out>
  <testcase classname="TestNG_Advantages.Disable_TC_using_keyword" name="TC2">
    <skipped/>
  </testcase> <!-- TC2 -->
  <system-out/>
</testsuite> <!-- TestNG_Advantages.Disable_TC_using_keyword -->
