<?xml version="1.0" encoding="UTF-8"?>
<!-- Generated by org.testng.reporters.JUnitReportReporter -->
<testsuite hostname="LAPTOP-NUS113PD" failures="0" tests="3" name="TestNG_Batch_Execution.Sample_1" time="0.005" errors="0" timestamp="2022-08-18T23:12:09 IST" skipped="0">
  <testcase classname="TestNG_Batch_Execution.Sample_1" name="TC3" time="0.002"/>
  <system-out>
    <![CDATA[running tc3]]>
  </system-out>
  <testcase classname="TestNG_Batch_Execution.Sample_1" name="TC2" time="0.001"/>
  <system-out>
    <![CDATA[running tc2]]>
  </system-out>
  <testcase classname="TestNG_Batch_Execution.Sample_1" name="TC1" time="0.002"/>
  <system-out>
    <![CDATA[running tc1]]>
  </system-out>
</testsuite> <!-- TestNG_Batch_Execution.Sample_1 -->
